Flow report for lab06_all
Sat Jun 21 22:09:08 2014
Quartus II 32-bit Version 12.0 Build 178 05/31/2012 SJ Full Version


---------------------
; Table of Contents ;
---------------------
  1. Legal Notice
  2. Flow Summary
  3. Flow Settings
  4. Flow Non-Default Global Settings
  5. Flow Elapsed Time
  6. Flow OS Summary
  7. Flow Log



----------------
; Legal Notice ;
----------------
Copyright (C) 1991-2012 Altera Corporation
Your use of Altera Corporation's design tools, logic functions 
and other software and tools, and its AMPP partner logic 
functions, and any output files from any of the foregoing 
(including device programming or simulation files), and any 
associated documentation or information are expressly subject 
to the terms and conditions of the Altera Program License 
Subscription Agreement, Altera MegaCore Function License 
Agreement, or other applicable license agreement, including, 
without limitation, that your use is for the sole purpose of 
programming logic devices manufactured by Altera and sold by 
Altera or its authorized distributors.  Please refer to the 
applicable agreement for further details.



+--------------------------------------------------------------------------------+
; Flow Summary                                                                   ;
+------------------------------------+-------------------------------------------+
; Flow Status                        ; Successful - Sat Jun 21 22:09:08 2014     ;
; Quartus II 32-bit Version          ; 12.0 Build 178 05/31/2012 SJ Full Version ;
; Revision Name                      ; lab06_all                                 ;
; Top-level Entity Name              ; lab06_all                                 ;
; Family                             ; Cyclone II                                ;
; Device                             ; EP2C70F896C6                              ;
; Timing Models                      ; Final                                     ;
; Total logic elements               ; 19,174 / 68,416 ( 28 % )                  ;
;     Total combinational functions  ; 18,891 / 68,416 ( 28 % )                  ;
;     Dedicated logic registers      ; 7,960 / 68,416 ( 12 % )                   ;
; Total registers                    ; 7960                                      ;
; Total pins                         ; 579 / 622 ( 93 % )                        ;
; Total virtual pins                 ; 32                                        ;
; Total memory bits                  ; 6,432 / 1,152,000 ( < 1 % )               ;
; Embedded Multiplier 9-bit elements ; 0 / 300 ( 0 % )                           ;
; Total PLLs                         ; 0 / 4 ( 0 % )                             ;
+------------------------------------+-------------------------------------------+


+-----------------------------------------+
; Flow Settings                           ;
+-------------------+---------------------+
; Option            ; Setting             ;
+-------------------+---------------------+
; Start date & time ; 06/21/2014 22:03:16 ;
; Main task         ; Compilation         ;
; Revision Name     ; lab06_all           ;
+-------------------+---------------------+


+---------------------------------------------------------------------------------------------------------------------------+
; Flow Non-Default Global Settings                                                                                          ;
+--------------------------------------+----------------------------------+---------------+-------------+-------------------+
; Assignment Name                      ; Value                            ; Default Value ; Entity Name ; Section Id        ;
+--------------------------------------+----------------------------------+---------------+-------------+-------------------+
; COMPILER_SIGNATURE_ID                ; 15882141966495.140335939103480   ; --            ; --          ; --                ;
; EDA_DESIGN_INSTANCE_NAME             ; NA                               ; --            ; --          ; lab06_all_vlg_tst ;
; EDA_NATIVELINK_SIMULATION_TEST_BENCH ; lab06_all_vlg_tst                ; --            ; --          ; eda_simulation    ;
; EDA_OUTPUT_DATA_FORMAT               ; Verilog Hdl                      ; --            ; --          ; eda_simulation    ;
; EDA_SIMULATION_TOOL                  ; ModelSim-Altera (Verilog)        ; <None>        ; --          ; --                ;
; EDA_TEST_BENCH_ENABLE_STATUS         ; TEST_BENCH_MODE                  ; --            ; --          ; eda_simulation    ;
; EDA_TEST_BENCH_FILE                  ; simulation/modelsim/lab06_all.vt ; --            ; --          ; lab06_all_vlg_tst ;
; EDA_TEST_BENCH_MODULE_NAME           ; lab06_all_vlg_tst                ; --            ; --          ; lab06_all_vlg_tst ;
; EDA_TEST_BENCH_NAME                  ; lab06_all_vlg_tst                ; --            ; --          ; eda_simulation    ;
; EDA_TIME_SCALE                       ; 1 us                             ; --            ; --          ; eda_simulation    ;
; MAX_CORE_JUNCTION_TEMP               ; 85                               ; --            ; --          ; --                ;
; MIN_CORE_JUNCTION_TEMP               ; 0                                ; --            ; --          ; --                ;
; PARTITION_COLOR                      ; 16764057                         ; --            ; --          ; Top               ;
; PARTITION_FITTER_PRESERVATION_LEVEL  ; PLACEMENT_AND_ROUTING            ; --            ; --          ; Top               ;
; PARTITION_NETLIST_TYPE               ; SOURCE                           ; --            ; --          ; Top               ;
+--------------------------------------+----------------------------------+---------------+-------------+-------------------+


+-------------------------------------------------------------------------------------------------------------------------------+
; Flow Elapsed Time                                                                                                             ;
+---------------------------+--------------+-------------------------+---------------------+------------------------------------+
; Module Name               ; Elapsed Time ; Average Processors Used ; Peak Virtual Memory ; Total CPU Time (on all processors) ;
+---------------------------+--------------+-------------------------+---------------------+------------------------------------+
; Analysis & Synthesis      ; 00:02:24     ; 1.0                     ; 417 MB              ; 00:02:12                           ;
; Fitter                    ; 00:02:43     ; 3.0                     ; 708 MB              ; 00:04:35                           ;
; Assembler                 ; 00:00:18     ; 1.0                     ; 363 MB              ; 00:00:06                           ;
; TimeQuest Timing Analyzer ; 00:00:22     ; 1.4                     ; 546 MB              ; 00:00:13                           ;
; EDA Netlist Writer        ; 00:00:26     ; 1.0                     ; 423 MB              ; 00:00:14                           ;
; Total                     ; 00:06:13     ; --                      ; --                  ; 00:07:20                           ;
+---------------------------+--------------+-------------------------+---------------------+------------------------------------+


+----------------------------------------------------------------------------------------+
; Flow OS Summary                                                                        ;
+---------------------------+------------------+-----------+------------+----------------+
; Module Name               ; Machine Hostname ; OS Name   ; OS Version ; Processor type ;
+---------------------------+------------------+-----------+------------+----------------+
; Analysis & Synthesis      ; II6WXA7R4F4NNR7  ; Windows 7 ; 6.1        ; x86_64         ;
; Fitter                    ; II6WXA7R4F4NNR7  ; Windows 7 ; 6.1        ; x86_64         ;
; Assembler                 ; II6WXA7R4F4NNR7  ; Windows 7 ; 6.1        ; x86_64         ;
; TimeQuest Timing Analyzer ; II6WXA7R4F4NNR7  ; Windows 7 ; 6.1        ; x86_64         ;
; EDA Netlist Writer        ; II6WXA7R4F4NNR7  ; Windows 7 ; 6.1        ; x86_64         ;
+---------------------------+------------------+-----------+------------+----------------+


------------
; Flow Log ;
------------
quartus_map --read_settings_files=on --write_settings_files=off lab06_all -c lab06_all
quartus_fit --read_settings_files=off --write_settings_files=off lab06_all -c lab06_all
quartus_asm --read_settings_files=off --write_settings_files=off lab06_all -c lab06_all
quartus_sta lab06_all -c lab06_all
quartus_eda --read_settings_files=off --write_settings_files=off lab06_all -c lab06_all



